INPUT FILE NAME  :      afiro
NUMBER OF ROWS   :         27
NUMBER OF COLUMNS:         32
SOLUTION STATUS  :    optimal

ROWS
----
 order  name     type lower         active        upper         dual value   
 1      R09       EQ  +0.000000e+000 +0.000000e+000 +0.000000e+000 -6.285714e-001
 2      R10       EQ  +0.000000e+000 +0.000000e+000 +0.000000e+000 +0.000000e+000
 3      X05       LE  -infinity     +8.000000e+001 +8.000000e+001 -3.447714e-001
 4      X21       LE  -infinity     +0.000000e+000 +0.000000e+000 -2.285714e-001
 5      R12       EQ  +0.000000e+000 +0.000000e+000 +0.000000e+000 +0.000000e+000
 6      R13       EQ  +0.000000e+000 +0.000000e+000 +0.000000e+000 +0.000000e+000
 7      X17       LE  -infinity     +1.821429e+001 +8.000000e+001 +0.000000e+000
 8      X18       LE  -infinity     +0.000000e+000 +0.000000e+000 -4.135903e-025
 9      X19       LE  -infinity     +0.000000e+000 +0.000000e+000 -4.135903e-025
 10     X20       LE  -infinity     +0.000000e+000 +0.000000e+000 -8.271806e-025
 11     R19       EQ  +0.000000e+000 +1.421085e-014 +0.000000e+000 -9.428571e-001
 12     R20       EQ  +0.000000e+000 +0.000000e+000 +0.000000e+000 +0.000000e+000
 13     X27       LE  -infinity     +5.000000e+002 +5.000000e+002 -8.743429e-001
 14     X44       LE  -infinity     +0.000000e+000 +0.000000e+000 -3.428571e-001
 15     R22       EQ  +0.000000e+000 +0.000000e+000 +0.000000e+000 +0.000000e+000
 16     R23       EQ  +4.400000e+001 +4.400000e+001 +4.400000e+001 +0.000000e+000
 17     X40       LE  -infinity     +0.000000e+000 +5.000000e+002 +0.000000e+000
 18     X41       LE  -infinity     +0.000000e+000 +0.000000e+000 -4.135903e-025
 19     X42       LE  -infinity     +0.000000e+000 +0.000000e+000 -4.135903e-025
 20     X43       LE  -infinity     +0.000000e+000 +0.000000e+000 +0.000000e+000
 21     X45       LE  -infinity     +0.000000e+000 +0.000000e+000 -1.033976e-025
 22     X46       LE  -infinity     +0.000000e+000 +0.000000e+000 -6.285714e-001
 23     X47       LE  -infinity     +0.000000e+000 +0.000000e+000 +0.000000e+000
 24     X48       LE  -infinity     +0.000000e+000 +0.000000e+000 -9.428571e-001
 25     X49       LE  -infinity     -3.784604e+002 +0.000000e+000 +0.000000e+000
 26     X50       LE  -infinity     +2.998000e+002 +3.100000e+002 +0.000000e+000
 27     X51       LE  -infinity     +1.930714e+001 +3.000000e+002 +0.000000e+000

COLUMNS
-------
 order  name     type lower         active        upper         dual slack   
 1      X01       LO  +0.000000e+000 +8.000000e+001 +infinity     -0.000000e+000
 2      X02       LO  +0.000000e+000 +2.550000e+001 +infinity     -0.000000e+000
 3      X03       LO  +0.000000e+000 +5.450000e+001 +infinity     -0.000000e+000
 4      X04       LO  +0.000000e+000 +8.480000e+001 +infinity     -0.000000e+000
 5      X06       LO  +0.000000e+000 +1.821429e+001 +infinity     -0.000000e+000
 6      X07       LO  +0.000000e+000 +0.000000e+000 +infinity     +4.135903e-025
 7      X08       LO  +0.000000e+000 +0.000000e+000 +infinity     +4.135903e-025
 8      X09       LO  +0.000000e+000 +0.000000e+000 +infinity     +8.271806e-025
 9      X10       LO  +0.000000e+000 +0.000000e+000 +infinity     +2.444319e-025
 10     X11       LO  +0.000000e+000 +0.000000e+000 +infinity     -1.668837e-025
 11     X12       LO  +0.000000e+000 +0.000000e+000 +infinity     -1.646089e-025
 12     X13       LO  +0.000000e+000 +0.000000e+000 +infinity     -5.760279e-025
 13     X14       LO  +0.000000e+000 +1.821429e+001 +infinity     +5.551115e-017
 14     X15       LO  +0.000000e+000 +0.000000e+000 +infinity     -0.000000e+000
 15     X16       LO  +0.000000e+000 +1.930714e+001 +infinity     -0.000000e+000
 16     X22       LO  +0.000000e+000 +5.000000e+002 +infinity     -0.000000e+000
 17     X23       LO  +0.000000e+000 +4.759200e+002 +infinity     -0.000000e+000
 18     X24       LO  +0.000000e+000 +2.408000e+001 +infinity     -0.000000e+000
 19     X25       LO  +0.000000e+000 +0.000000e+000 +infinity     +9.428571e-001
 20     X26       LO  +0.000000e+000 +2.150000e+002 +infinity     -0.000000e+000
 21     X28       LO  +0.000000e+000 +0.000000e+000 +infinity     -0.000000e+000
 22     X29       LO  +0.000000e+000 +0.000000e+000 +infinity     +4.135903e-025
 23     X30       LO  +0.000000e+000 +0.000000e+000 +infinity     +4.135903e-025
 24     X31       LO  +0.000000e+000 +0.000000e+000 +infinity     -0.000000e+000
 25     X32       LO  +0.000000e+000 +0.000000e+000 +infinity     +2.265441e-025
 26     X33       LO  +0.000000e+000 +0.000000e+000 +infinity     -1.841511e-025
 27     X34       LO  +0.000000e+000 +0.000000e+000 +infinity     -1.810492e-025
 28     X35       LO  +0.000000e+000 +0.000000e+000 +infinity     +2.356431e-025
 29     X36       LO  +0.000000e+000 +3.399429e+002 +infinity     -0.000000e+000
 30     X37       LO  +0.000000e+000 +3.839429e+002 +infinity     -0.000000e+000
 31     X38       LO  +0.000000e+000 +0.000000e+000 +infinity     -0.000000e+000
 32     X39       LO  +0.000000e+000 +0.000000e+000 +infinity     +1.000000e+001

------------------------------------ EOF ------------------------------------
